c:\users\asier\desktop\sdlexamplesvcws v6 - copia\02simplegame\debug\vc141.pdb
c:\users\asier\desktop\sdlexamplesvcws v6 - copia\02simplegame\debug\vc141.idb
c:\users\asier\desktop\sdlexamplesvcws v6 - copia\02simplegame\debug\jokalariarenmugimendua.obj
c:\users\asier\desktop\sdlexamplesvcws v6 - copia\02simplegame\debug\hasierakomenua.obj
c:\users\asier\desktop\sdlexamplesvcws v6 - copia\02simplegame\debug\game02.obj
c:\users\asier\desktop\sdlexamplesvcws v6 - copia\02simplegame\debug\etsaienmugimendua.obj
c:\users\asier\desktop\sdlexamplesvcws v6 - copia\02simplegame\debug\eszenarioa.obj
c:\users\asier\desktop\sdlexamplesvcws v6 - copia\02simplegame\debug\eskudoa.obj
c:\users\asier\desktop\sdlexamplesvcws v6 - copia\02simplegame\debug\botoiak.obj
c:\users\asier\desktop\sdlexamplesvcws v6 - copia\02simplegame\debug\bizitzak.obj
c:\users\asier\desktop\sdlexamplesvcws v6 - copia\02simplegame\debug\02simplegamemain.obj
c:\users\asier\desktop\sdlexamplesvcws v6 - copia\02simplegame\debug\text.obj
c:\users\asier\desktop\sdlexamplesvcws v6 - copia\02simplegame\debug\soinua.obj
c:\users\asier\desktop\sdlexamplesvcws v6 - copia\02simplegame\debug\imagen.obj
c:\users\asier\desktop\sdlexamplesvcws v6 - copia\02simplegame\debug\graphics.obj
c:\users\asier\desktop\sdlexamplesvcws v6 - copia\02simplegame\debug\ebentoak.obj
c:\users\asier\desktop\sdlexamplesvcws v6 - copia\debug\02simplegame.exe
c:\users\asier\desktop\sdlexamplesvcws v6 - copia\debug\02simplegame.ilk
c:\users\asier\desktop\sdlexamplesvcws v6 - copia\debug\02simplegame.pdb
c:\users\asier\desktop\sdlexamplesvcws v6 - copia\02simplegame\debug\02simplegame.tlog\cl.command.1.tlog
c:\users\asier\desktop\sdlexamplesvcws v6 - copia\02simplegame\debug\02simplegame.tlog\cl.read.1.tlog
c:\users\asier\desktop\sdlexamplesvcws v6 - copia\02simplegame\debug\02simplegame.tlog\cl.write.1.tlog
c:\users\asier\desktop\sdlexamplesvcws v6 - copia\02simplegame\debug\02simplegame.tlog\link.command.1.tlog
c:\users\asier\desktop\sdlexamplesvcws v6 - copia\02simplegame\debug\02simplegame.tlog\link.read.1.tlog
c:\users\asier\desktop\sdlexamplesvcws v6 - copia\02simplegame\debug\02simplegame.tlog\link.write.1.tlog
